<?xml version="1.0" encoding="UTF-8"?>
<testsuite xmlns:xsi="http://www.w3.org/2001/XMLSchema-instance" xsi:schemaLocation="https://maven.apache.org/surefire/maven-surefire-plugin/xsd/surefire-test-report.xsd" name="twitter4j.UsersResourcesTest" time="0.014" tests="8" errors="8" skipped="0" failures="0">
  <properties>
    <property name="java.runtime.name" value="Java(TM) SE Runtime Environment"/>
    <property name="sun.boot.library.path" value="/Library/Java/JavaVirtualMachines/jdk1.8.0_201.jdk/Contents/Home/jre/lib"/>
    <property name="java.vm.version" value="25.201-b09"/>
    <property name="gopherProxySet" value="false"/>
    <property name="java.vm.vendor" value="Oracle Corporation"/>
    <property name="maven.multiModuleProjectDirectory" value="/Users/hectorguedea/eclipse-workspace/OntologyPopulation/src/twitter4j-4.0.7"/>
    <property name="java.vendor.url" value="http://java.oracle.com/"/>
    <property name="path.separator" value=":"/>
    <property name="guice.disable.misplaced.annotation.check" value="true"/>
    <property name="java.vm.name" value="Java HotSpot(TM) 64-Bit Server VM"/>
    <property name="file.encoding.pkg" value="sun.io"/>
    <property name="user.country" value="MX"/>
    <property name="sun.java.launcher" value="SUN_STANDARD"/>
    <property name="sun.os.patch.level" value="unknown"/>
    <property name="java.vm.specification.name" value="Java Virtual Machine Specification"/>
    <property name="user.dir" value="/Users/hectorguedea/eclipse-workspace/OntologyPopulation/src/twitter4j-4.0.7"/>
    <property name="java.runtime.version" value="1.8.0_201-b09"/>
    <property name="java.awt.graphicsenv" value="sun.awt.CGraphicsEnvironment"/>
    <property name="java.endorsed.dirs" value="/Library/Java/JavaVirtualMachines/jdk1.8.0_201.jdk/Contents/Home/jre/lib/endorsed"/>
    <property name="os.arch" value="x86_64"/>
    <property name="java.io.tmpdir" value="/var/folders/nm/wwzp37fx6g55sb9p_xqqzz8w0000gn/T/"/>
    <property name="line.separator" value="&#10;"/>
    <property name="java.vm.specification.vendor" value="Oracle Corporation"/>
    <property name="os.name" value="Mac OS X"/>
    <property name="classworlds.conf" value="/Users/hectorguedea/eclipse-workspace/.metadata/.plugins/org.eclipse.m2e.launching/launches/m2conf3849395236680139141.tmp"/>
    <property name="sun.jnu.encoding" value="UTF-8"/>
    <property name="java.library.path" value="/Users/hectorguedea/Library/Java/Extensions:/Library/Java/Extensions:/Network/Library/Java/Extensions:/System/Library/Java/Extensions:/usr/lib/java:."/>
    <property name="java.specification.name" value="Java Platform API Specification"/>
    <property name="java.class.version" value="52.0"/>
    <property name="sun.management.compiler" value="HotSpot 64-Bit Tiered Compilers"/>
    <property name="os.version" value="10.14.3"/>
    <property name="http.nonProxyHosts" value="local|*.local|169.254/16|*.169.254/16"/>
    <property name="user.home" value="/Users/hectorguedea"/>
    <property name="user.timezone" value="America/Mexico_City"/>
    <property name="java.awt.printerjob" value="sun.lwawt.macosx.CPrinterJob"/>
    <property name="java.specification.version" value="1.8"/>
    <property name="file.encoding" value="UTF-8"/>
    <property name="user.name" value="hectorguedea"/>
    <property name="java.class.path" value="/Users/hectorguedea/.p2/pool/plugins/org.eclipse.m2e.maven.runtime_1.11.0.20190220-2117/jars/plexus-classworlds-2.5.2.jar"/>
    <property name="java.vm.specification.version" value="1.8"/>
    <property name="sun.arch.data.model" value="64"/>
    <property name="java.home" value="/Library/Java/JavaVirtualMachines/jdk1.8.0_201.jdk/Contents/Home/jre"/>
    <property name="sun.java.command" value="org.codehaus.plexus.classworlds.launcher.Launcher -B test"/>
    <property name="java.specification.vendor" value="Oracle Corporation"/>
    <property name="user.language" value="es"/>
    <property name="awt.toolkit" value="sun.lwawt.macosx.LWCToolkit"/>
    <property name="java.vm.info" value="mixed mode"/>
    <property name="java.version" value="1.8.0_201"/>
    <property name="java.ext.dirs" value="/Users/hectorguedea/Library/Java/Extensions:/Library/Java/JavaVirtualMachines/jdk1.8.0_201.jdk/Contents/Home/jre/lib/ext:/Library/Java/Extensions:/Network/Library/Java/Extensions:/System/Library/Java/Extensions:/usr/lib/java"/>
    <property name="sun.boot.class.path" value="/Library/Java/JavaVirtualMachines/jdk1.8.0_201.jdk/Contents/Home/jre/lib/resources.jar:/Library/Java/JavaVirtualMachines/jdk1.8.0_201.jdk/Contents/Home/jre/lib/rt.jar:/Library/Java/JavaVirtualMachines/jdk1.8.0_201.jdk/Contents/Home/jre/lib/sunrsasign.jar:/Library/Java/JavaVirtualMachines/jdk1.8.0_201.jdk/Contents/Home/jre/lib/jsse.jar:/Library/Java/JavaVirtualMachines/jdk1.8.0_201.jdk/Contents/Home/jre/lib/jce.jar:/Library/Java/JavaVirtualMachines/jdk1.8.0_201.jdk/Contents/Home/jre/lib/charsets.jar:/Library/Java/JavaVirtualMachines/jdk1.8.0_201.jdk/Contents/Home/jre/lib/jfr.jar:/Library/Java/JavaVirtualMachines/jdk1.8.0_201.jdk/Contents/Home/jre/classes"/>
    <property name="java.vendor" value="Oracle Corporation"/>
    <property name="maven.home" value="/Users/hectorguedea/eclipse-workspace/OntologyPopulation/src/twitter4j-4.0.7/EMBEDDED"/>
    <property name="file.separator" value="/"/>
    <property name="java.vendor.url.bug" value="http://bugreport.sun.com/bugreport/"/>
    <property name="sun.cpu.endian" value="little"/>
    <property name="sun.io.unicode.encoding" value="UnicodeBig"/>
    <property name="socksNonProxyHosts" value="local|*.local|169.254/16|*.169.254/16"/>
    <property name="ftp.nonProxyHosts" value="local|*.local|169.254/16|*.169.254/16"/>
    <property name="sun.cpu.isalist" value=""/>
  </properties>
  <testcase name="testMuteMethods" classname="twitter4j.UsersResourcesTest" time="0.008">
    <error message="Could not initialize class twitter4j.TwitterTestBase" type="java.lang.NoClassDefFoundError">java.lang.NoClassDefFoundError: Could not initialize class twitter4j.TwitterTestBase
</error>
  </testcase>
  <testcase name="testSearchUser" classname="twitter4j.UsersResourcesTest" time="0.001">
    <error message="Could not initialize class twitter4j.UsersResourcesTest" type="java.lang.NoClassDefFoundError">java.lang.NoClassDefFoundError: Could not initialize class twitter4j.UsersResourcesTest
</error>
  </testcase>
  <testcase name="testAccountProfileImageUpdates" classname="twitter4j.UsersResourcesTest" time="0.001">
    <error message="Could not initialize class twitter4j.UsersResourcesTest" type="java.lang.NoClassDefFoundError">java.lang.NoClassDefFoundError: Could not initialize class twitter4j.UsersResourcesTest
</error>
  </testcase>
  <testcase name="testShowUser" classname="twitter4j.UsersResourcesTest" time="0">
    <error message="Could not initialize class twitter4j.UsersResourcesTest" type="java.lang.NoClassDefFoundError">java.lang.NoClassDefFoundError: Could not initialize class twitter4j.UsersResourcesTest
</error>
  </testcase>
  <testcase name="testAccountMethods" classname="twitter4j.UsersResourcesTest" time="0">
    <error message="Could not initialize class twitter4j.UsersResourcesTest" type="java.lang.NoClassDefFoundError">java.lang.NoClassDefFoundError: Could not initialize class twitter4j.UsersResourcesTest
</error>
  </testcase>
  <testcase name="testLookupUsers" classname="twitter4j.UsersResourcesTest" time="0">
    <error message="Could not initialize class twitter4j.UsersResourcesTest" type="java.lang.NoClassDefFoundError">java.lang.NoClassDefFoundError: Could not initialize class twitter4j.UsersResourcesTest
</error>
  </testcase>
  <testcase name="testBanner" classname="twitter4j.UsersResourcesTest" time="0">
    <error message="Could not initialize class twitter4j.UsersResourcesTest" type="java.lang.NoClassDefFoundError">java.lang.NoClassDefFoundError: Could not initialize class twitter4j.UsersResourcesTest
</error>
  </testcase>
  <testcase name="testBlockMethods" classname="twitter4j.UsersResourcesTest" time="0">
    <error message="Could not initialize class twitter4j.UsersResourcesTest" type="java.lang.NoClassDefFoundError">java.lang.NoClassDefFoundError: Could not initialize class twitter4j.UsersResourcesTest
</error>
  </testcase>
</testsuite>